<?xml version="1.0" encoding="UTF-8"?>
<!-- Generated by org.testng.reporters.JUnitReportReporter -->
<testsuite hostname="Abdullah-Harun" failures="0" tests="1" name="pages.HomePageTest" time="2.880" errors="0" timestamp="2022-09-21T08:10:06 EDT" skipped="0">
  <testcase classname="pages.HomePageTest" name="searchboxfieldTest" time="2.880"/>
  <system-out/>
</testsuite> <!-- pages.HomePageTest -->
