<?xml version="1.0" encoding="UTF-8"?>
<!-- Generated by org.testng.reporters.JUnitReportReporter -->
<testsuite hostname="Abdullah-Harun" failures="0" tests="1" name="pages.HomePageTest" time="2.951" errors="0" timestamp="2022-09-22T15:59:36 EDT" skipped="0">
  <testcase classname="pages.HomePageTest" name="searchboxfieldTest" time="2.951"/>
  <system-out/>
</testsuite> <!-- pages.HomePageTest -->
